0 verbose cli /usr/local/bin/node /usr/local/bin/npm
1 info using npm@8.19.3
2 info using node@v16.19.1
3 timing npm:load:whichnode Completed in 0ms
4 timing config:load:defaults Completed in 2ms
5 timing config:load:file:/usr/local/lib/node_modules/npm/npmrc Completed in 0ms
6 timing config:load:builtin Completed in 0ms
7 timing config:load:cli Completed in 1ms
8 timing config:load:env Completed in 0ms
9 timing config:load:file:/github/workspace/.npmrc Completed in 1ms
10 timing config:load:project Completed in 7ms
11 timing config:load:file:/github/home/.npmrc Completed in 0ms
12 timing config:load:user Completed in 0ms
13 timing config:load:file:/usr/local/etc/npmrc Completed in 1ms
14 timing config:load:global Completed in 1ms
15 timing config:load:validate Completed in 0ms
16 timing config:load:credentials Completed in 0ms
17 timing config:load:setEnvs Completed in 1ms
18 timing config:load Completed in 13ms
19 timing npm:load:configload Completed in 13ms
20 timing npm:load:mkdirpcache Completed in 1ms
21 timing npm:load:mkdirplogs Completed in 1ms
22 verbose title npm
23 verbose argv "--version"
24 timing npm:load:setTitle Completed in 0ms
25 timing config:load:flatten Completed in 2ms
26 timing npm:load:display Completed in 3ms
27 verbose logfile logs-max:10 dir:/github/home/.npm/_logs
28 verbose logfile /github/home/.npm/_logs/2024-01-03T09_25_49_164Z-debug-0.log
29 timing npm:load:logFile Completed in 4ms
30 timing npm:load:timers Completed in 0ms
31 timing npm:load:configScope Completed in 0ms
32 timing npm:load Completed in 22ms
33 verbose exit 0
34 timing npm Completed in 25ms
35 info ok
